<?xml version="1.0" encoding="UTF-8"?>
<robot generator="Robot 3.2.2 (Python 3.9.2 on win32)" generated="20210426 13:12:17.422" rpa="false">
<suite id="s1" name="AddToCart" source="C:\development\robot-scripts\demo-robot\tests\AddToCart.robot">
<test id="s1-t1" name="User add backpack to cart">
<kw name="Open Browser" library="SeleniumLibrary">
<doc>Opens a new browser instance to the optional ``url``.</doc>
<arguments>
<arg>https://www.saucedemo.com/</arg>
<arg>firefox</arg>
</arguments>
<msg timestamp="20210426 13:12:17.609" level="INFO">Opening browser 'firefox' to base url 'https://www.saucedemo.com/'.</msg>
<msg timestamp="20210426 13:12:17.609" level="INFO">Firefox driver log is always forced to to: C:\development\robot-scripts\demo-robot\results\geckodriver-10.log</msg>
<status status="PASS" starttime="20210426 13:12:17.609" endtime="20210426 13:12:28.684"></status>
</kw>
<kw name="Input Text" library="SeleniumLibrary">
<doc>Types the given ``text`` into the text field identified by ``locator``.</doc>
<arguments>
<arg>id=user-name</arg>
<arg>standard_user</arg>
</arguments>
<msg timestamp="20210426 13:12:28.684" level="INFO">Typing text 'standard_user' into text field 'id=user-name'.</msg>
<status status="PASS" starttime="20210426 13:12:28.684" endtime="20210426 13:12:28.750"></status>
</kw>
<kw name="Input Password" library="SeleniumLibrary">
<doc>Types the given password into the text field identified by ``locator``.</doc>
<arguments>
<arg>id=password</arg>
<arg>secret_sauce</arg>
</arguments>
<msg timestamp="20210426 13:12:28.750" level="INFO">Typing password into text field 'id=password'.</msg>
<msg timestamp="20210426 13:12:28.759" level="INFO">Temporally setting log level to: NONE</msg>
<msg timestamp="20210426 13:12:28.782" level="INFO">Log level changed from NONE to INFO.</msg>
<status status="PASS" starttime="20210426 13:12:28.750" endtime="20210426 13:12:28.782"></status>
</kw>
<kw name="Click Button" library="SeleniumLibrary">
<doc>Clicks the button identified by ``locator``.</doc>
<arguments>
<arg>id=login-button</arg>
</arguments>
<msg timestamp="20210426 13:12:28.783" level="INFO">Clicking button 'id=login-button'.</msg>
<status status="PASS" starttime="20210426 13:12:28.783" endtime="20210426 13:12:29.053"></status>
</kw>
<kw name="Wait Until Element Is Visible" library="SeleniumLibrary">
<doc>Waits until the element ``locator`` is visible.</doc>
<arguments>
<arg>id=add-to-cart-sauce-labs-backpack</arg>
</arguments>
<status status="PASS" starttime="20210426 13:12:29.054" endtime="20210426 13:12:29.079"></status>
</kw>
<kw name="Click Element" library="SeleniumLibrary">
<doc>Click the element identified by ``locator``.</doc>
<arguments>
<arg>id=add-to-cart-sauce-labs-backpack</arg>
</arguments>
<msg timestamp="20210426 13:12:29.083" level="INFO">Clicking element 'id=add-to-cart-sauce-labs-backpack'.</msg>
<status status="PASS" starttime="20210426 13:12:29.082" endtime="20210426 13:12:29.316"></status>
</kw>
<kw name="Wait Until Element Is Visible" library="SeleniumLibrary">
<doc>Waits until the element ``locator`` is visible.</doc>
<arguments>
<arg>id=remove-sauce-labs-backpack</arg>
</arguments>
<status status="PASS" starttime="20210426 13:12:29.316" endtime="20210426 13:12:29.336"></status>
</kw>
<kw name="Click Element" library="SeleniumLibrary">
<doc>Click the element identified by ``locator``.</doc>
<arguments>
<arg>id=react-burger-menu-btn</arg>
</arguments>
<msg timestamp="20210426 13:12:29.337" level="INFO">Clicking element 'id=react-burger-menu-btn'.</msg>
<status status="PASS" starttime="20210426 13:12:29.336" endtime="20210426 13:12:29.565"></status>
</kw>
<kw name="Click Link" library="SeleniumLibrary">
<doc>Clicks a link identified by ``locator``.</doc>
<arguments>
<arg>id=logout_sidebar_link</arg>
</arguments>
<msg timestamp="20210426 13:12:29.566" level="INFO">Clicking link 'id=logout_sidebar_link'.</msg>
<status status="PASS" starttime="20210426 13:12:29.565" endtime="20210426 13:12:29.795"></status>
</kw>
<kw name="Close Browser" library="SeleniumLibrary">
<doc>Closes the current browser.</doc>
<status status="PASS" starttime="20210426 13:12:29.796" endtime="20210426 13:13:37.881"></status>
</kw>
<status status="PASS" starttime="20210426 13:12:17.609" endtime="20210426 13:13:37.882" critical="yes"></status>
</test>
<status status="PASS" starttime="20210426 13:12:17.422" endtime="20210426 13:13:37.883"></status>
</suite>
<statistics>
<total>
<stat pass="1" fail="0">Critical Tests</stat>
<stat pass="1" fail="0">All Tests</stat>
</total>
<tag>
</tag>
<suite>
<stat pass="1" fail="0" id="s1" name="AddToCart">AddToCart</stat>
</suite>
</statistics>
<errors>
</errors>
</robot>
